<?xml version="1.0" encoding="UTF-8"?>
<!-- Generated by org.testng.reporters.JUnitReportReporter -->
<testsuite hostname="LAPTOP-RKHAJTRD" failures="0" tests="1" name="testCases.fullTimeSchool.fulltimeSchoolWaitlistRegistration" time="172.882" errors="0" timestamp="2024-05-08T17:31:06 IST" skipped="0">
  <testcase classname="testCases.fullTimeSchool.fulltimeSchoolWaitlistRegistration" name="clickOnAllMenuOptions" time="172.882"/>
  <system-out/>
</testsuite> <!-- testCases.fullTimeSchool.fulltimeSchoolWaitlistRegistration -->
