<?xml version="1.0" encoding="UTF-8"?>
<!-- Generated by org.testng.reporters.JUnitReportReporter -->
<testsuite hostname="LAPTOP-RKHAJTRD" failures="0" tests="1" name="tests.fulltimeSchoolWaitlistRegistration" time="192.903" errors="0" timestamp="2024-05-08T15:33:12 IST" skipped="0">
  <testcase classname="tests.fulltimeSchoolWaitlistRegistration" name="clickOnAllMenuOptions" time="192.903"/>
  <system-out/>
</testsuite> <!-- tests.fulltimeSchoolWaitlistRegistration -->
