<?xml version="1.0" encoding="UTF-8"?>
<!-- Generated by org.testng.reporters.JUnitReportReporter -->
<testsuite hostname="LAPTOP-RKHAJTRD" failures="0" tests="1" name="testCases.fullTimeSchool.fulltimeSchoolRegistrationTest" time="170.927" errors="0" timestamp="2024-05-08T17:31:06 IST" skipped="0">
  <testcase classname="testCases.fullTimeSchool.fulltimeSchoolRegistrationTest" name="clickOnAllMenuOptions" time="170.927"/>
  <system-out/>
</testsuite> <!-- testCases.fullTimeSchool.fulltimeSchoolRegistrationTest -->
