<?xml version="1.0" encoding="UTF-8"?>
<!-- Generated by org.testng.reporters.JUnitReportReporter -->
<testsuite hostname="LAPTOP-RKHAJTRD" failures="0" tests="1" name="tests.accountMenuNavigationTests" time="43.092" errors="0" timestamp="2024-03-06T18:29:41 IST" skipped="0">
  <testcase classname="tests.accountMenuNavigationTests" name="clickOnAllMenuOptions" time="43.092"/>
  <system-out/>
</testsuite> <!-- tests.accountMenuNavigationTests -->
