<?xml version="1.0" encoding="UTF-8"?>
<!-- Generated by org.testng.reporters.JUnitReportReporter -->
<testsuite hostname="LAPTOP-RKHAJTRD" failures="0" tests="1" name="tests.VerifytLoginTests" time="33.945" errors="0" timestamp="2024-03-06T12:30:55 IST" skipped="0">
  <testcase classname="tests.VerifytLoginTests" name="loginWithValidCredentialsTest" time="33.945"/>
  <system-out/>
</testsuite> <!-- tests.VerifytLoginTests -->
