<?xml version="1.0" encoding="UTF-8"?>
<!-- Generated by org.testng.reporters.JUnitReportReporter -->
<testsuite hostname="LAPTOP-RKHAJTRD" failures="0" tests="1" name="tests.VerifytLoginTest" time="20.529" errors="0" timestamp="2024-03-11T22:30:06 IST" skipped="0">
  <testcase classname="tests.VerifytLoginTest" name="loginWithValidCredentialsTest" time="20.529"/>
  <system-out/>
</testsuite> <!-- tests.VerifytLoginTest -->
