<?xml version="1.0" encoding="UTF-8"?>
<!-- Generated by org.testng.reporters.JUnitReportReporter -->
<testsuite hostname="LAPTOP-RKHAJTRD" failures="0" tests="1" name="tests.fulltimeSchoolRegistrationTest" time="164.908" errors="0" timestamp="2024-05-08T13:25:45 IST" skipped="0">
  <testcase classname="tests.fulltimeSchoolRegistrationTest" name="clickOnAllMenuOptions" time="164.908"/>
  <system-out/>
</testsuite> <!-- tests.fulltimeSchoolRegistrationTest -->
