<?xml version="1.0" encoding="UTF-8"?>
<!-- Generated by org.testng.reporters.JUnitReportReporter -->
<testsuite hostname="LAPTOP-RKHAJTRD" failures="0" tests="1" name="tests.partTimeSchoolRegistrationTest" time="44.890" errors="0" timestamp="2024-03-19T17:08:37 IST" skipped="0">
  <testcase classname="tests.partTimeSchoolRegistrationTest" name="clickOnAllMenuOptions" time="44.890"/>
  <system-out/>
</testsuite> <!-- tests.partTimeSchoolRegistrationTest -->
